  TerrainManager.cpp
d:\projets\chnourf_engine\chnourfengine\worldgenerator\terrainmanager.cpp(31): warning C4244: 'argument': conversion from 'float' to 'const int', possible loss of data
  TerrainCellBuilder.cpp
d:\projets\chnourf_engine\chnourfengine\worldgenerator\terraincellbuilder.cpp(97): warning C4244: 'initializing': conversion from 'double' to 'float', possible loss of data
d:\projets\chnourf_engine\chnourfengine\worldgenerator\terraincellbuilder.cpp(98): warning C4244: 'initializing': conversion from 'double' to 'float', possible loss of data
d:\projets\chnourf_engine\chnourfengine\worldgenerator\terraincellbuilder.cpp(100): warning C4244: '+=': conversion from 'double' to 'float', possible loss of data
d:\projets\chnourf_engine\chnourfengine\worldgenerator\terraincellbuilder.cpp(102): warning C4244: '*=': conversion from 'double' to 'float', possible loss of data
d:\projets\chnourf_engine\chnourfengine\worldgenerator\terraincellbuilder.cpp(110): warning C4244: '=': conversion from 'time_t' to 'unsigned int', possible loss of data
  TerrainCellModel.cpp
d:\projets\chnourf_engine\chnourfengine\rendering\models\terraincellmodel.cpp(134): warning C4267: 'argument': conversion from 'size_t' to 'GLsizei', possible loss of data
d:\projets\chnourf_engine\chnourfengine\rendering\models\terraincellmodel.cpp(146): warning C4267: 'argument': conversion from 'size_t' to 'GLsizei', possible loss of data
  SceneManager.cpp
  Generating Code...
  Skipping... (no relevant changes detected)
  main.cpp
  Model.cpp
  Mesh.cpp
  ModelManager.cpp
  SOIL.lib(SOIL.obj) : MSIL .netmodule or module compiled with /GL found; restarting link with /LTCG; add /LTCG to the link command line to improve linker performance
LINK : warning LNK4075: ignoring '/INCREMENTAL' due to '/LTCG' specification
InitGlut.obj : warning LNK4075: ignoring '/EDITANDCONTINUE' due to '/OPT:LBR' specification
LINK : warning LNK4098: defaultlib 'MSVCRT' conflicts with use of other libs; use /NODEFAULTLIB:library
  Generating code
  Finished generating code
  ChnourfEngine.vcxproj -> D:\Projets\Chnourf_Engine\x64\Debug\ChnourfEngine.exe
  ChnourfEngine.vcxproj -> D:\Projets\Chnourf_Engine\x64\Debug\ChnourfEngine.pdb (Partial PDB)
