d:\projets\chnourf_engine\chnourfengine\x64\release\vc140.pdb
c:\users\utilisateur\documents\visual studio 2015\projects\chnourfengine\chnourfengine\chnourfengine\x64\release\vc140.pdb
c:\users\utilisateur\documents\visual studio 2015\projects\chnourfengine\chnourfengine\chnourfengine\x64\release\terrainmanager.obj
c:\users\utilisateur\documents\visual studio 2015\projects\chnourfengine\chnourfengine\chnourfengine\x64\release\terraincellbuilder.obj
c:\users\utilisateur\documents\visual studio 2015\projects\chnourfengine\chnourfengine\chnourfengine\x64\release\terraincell.obj
c:\users\utilisateur\documents\visual studio 2015\projects\chnourfengine\chnourfengine\chnourfengine\x64\release\terraincellmodel.obj
c:\users\utilisateur\documents\visual studio 2015\projects\chnourfengine\chnourfengine\chnourfengine\x64\release\model.obj
c:\users\utilisateur\documents\visual studio 2015\projects\chnourfengine\chnourfengine\chnourfengine\x64\release\mesh.obj
c:\users\utilisateur\documents\visual studio 2015\projects\chnourfengine\chnourfengine\chnourfengine\x64\release\cubemap.obj
c:\users\utilisateur\documents\visual studio 2015\projects\chnourfengine\chnourfengine\chnourfengine\x64\release\camera.obj
c:\users\utilisateur\documents\visual studio 2015\projects\chnourfengine\chnourfengine\chnourfengine\x64\release\shadermanager.obj
c:\users\utilisateur\documents\visual studio 2015\projects\chnourfengine\chnourfengine\chnourfengine\x64\release\scenemanager.obj
c:\users\utilisateur\documents\visual studio 2015\projects\chnourfengine\chnourfengine\chnourfengine\x64\release\modelmanager.obj
c:\users\utilisateur\documents\visual studio 2015\projects\chnourfengine\chnourfengine\chnourfengine\x64\release\inputmanager.obj
c:\users\utilisateur\documents\visual studio 2015\projects\chnourfengine\chnourfengine\chnourfengine\x64\release\main.obj
c:\users\utilisateur\documents\visual studio 2015\projects\chnourfengine\chnourfengine\chnourfengine\x64\release\perlinnoise.obj
c:\users\utilisateur\documents\visual studio 2015\projects\chnourfengine\chnourfengine\chnourfengine\x64\release\initglut.obj
c:\users\utilisateur\documents\visual studio 2015\projects\chnourfengine\chnourfengine\x64\release\chnourfengine.pdb
c:\users\utilisateur\documents\visual studio 2015\projects\chnourfengine\chnourfengine\chnourfengine\x64\release\chnourfengine.tlog\cl.command.1.tlog
c:\users\utilisateur\documents\visual studio 2015\projects\chnourfengine\chnourfengine\chnourfengine\x64\release\chnourfengine.tlog\cl.read.1.tlog
c:\users\utilisateur\documents\visual studio 2015\projects\chnourfengine\chnourfengine\chnourfengine\x64\release\chnourfengine.tlog\cl.write.1.tlog
c:\users\utilisateur\documents\visual studio 2015\projects\chnourfengine\chnourfengine\chnourfengine\x64\release\chnourfengine.tlog\link.command.1.tlog
c:\users\utilisateur\documents\visual studio 2015\projects\chnourfengine\chnourfengine\chnourfengine\x64\release\chnourfengine.tlog\link.read.1.tlog
c:\users\utilisateur\documents\visual studio 2015\projects\chnourfengine\chnourfengine\chnourfengine\x64\release\chnourfengine.tlog\link.write.1.tlog
